[36m(_ray_fit pid=437519)[0m [1000]	valid_set's binary_logloss: 0.526626
[36m(_ray_fit pid=446410)[0m [1000]	valid_set's binary_logloss: 0.537367[32m [repeated 9x across cluster][0m
[36m(_ray_fit pid=446412)[0m [3000]	valid_set's binary_logloss: 0.536426[32m [repeated 15x across cluster][0m
[36m(_ray_fit pid=449444)[0m [1000]	valid_set's binary_logloss: 0.552377[32m [repeated 2x across cluster][0m
[36m(_ray_fit pid=449445)[0m [4000]	valid_set's binary_logloss: 0.542391[32m [repeated 44x across cluster][0m
[36m(_ray_fit pid=449445)[0m [9000]	valid_set's binary_logloss: 0.539207[32m [repeated 33x across cluster][0m
[36m(_ray_fit pid=455896)[0m [1000]	valid_set's binary_logloss: 0.535359[32m [repeated 2x across cluster][0m
[36m(_ray_fit pid=467865)[0m [1000]	valid_set's binary_logloss: 0.535289[32m [repeated 5x across cluster][0m
[36m(_ray_fit pid=471966)[0m [1000]	valid_set's binary_logloss: 0.560348[32m [repeated 8x across cluster][0m
[36m(_ray_fit pid=471970)[0m [2000]	valid_set's binary_logloss: 0.550001[32m [repeated 12x across cluster][0m
[36m(_ray_fit pid=471967)[0m [4000]	valid_set's binary_logloss: 0.540948[32m [repeated 14x across cluster][0m
[36m(_ray_fit pid=471966)[0m [7000]	valid_set's binary_logloss: 0.534236[32m [repeated 15x across cluster][0m
[36m(_ray_fit pid=471964)[0m [7000]	valid_set's binary_logloss: 0.52248[32m [repeated 17x across cluster][0m
[36m(_ray_fit pid=471967)[0m [10000]	valid_set's binary_logloss: 0.537343[32m [repeated 12x across cluster][0m
[36m(_ray_fit pid=476948)[0m [1000]	valid_set's binary_logloss: 0.538343[32m [repeated 8x across cluster][0m
[36m(_ray_fit pid=476951)[0m [5000]	valid_set's binary_logloss: 0.529638[32m [repeated 21x across cluster][0m
[36m(_ray_fit pid=483929)[0m [1000]	valid_set's binary_logloss: 0.537935
[36m(_ray_fit pid=483931)[0m [1000]	valid_set's binary_logloss: 0.525108
[36m(_ray_fit pid=485838)[0m [1000]	valid_set's binary_logloss: 0.545732[32m [repeated 4x across cluster][0m
[36m(_ray_fit pid=485846)[0m [8000]	valid_set's binary_logloss: 0.539298[32m [repeated 38x across cluster][0m
[36m(_ray_fit pid=493278)[0m [1000]	valid_set's binary_logloss: 0.528008
[36m(_ray_fit pid=493284)[0m [1000]	valid_set's binary_logloss: 0.53215
[36m(_ray_fit pid=493279)[0m [2000]	valid_set's binary_logloss: 0.532895[32m [repeated 14x across cluster][0m
[36m(_ray_fit pid=493279)[0m [4000]	valid_set's binary_logloss: 0.532772[32m [repeated 10x across cluster][0m
[36m(_ray_fit pid=508688)[0m [1000]	valid_set's binary_logloss: 0.524773[32m [repeated 3x across cluster][0m
[36m(_ray_fit pid=542988)[0m [1000]	valid_set's binary_logloss: 0.529471[32m [repeated 8x across cluster][0m
[36m(_ray_fit pid=564734)[0m [1000]	valid_set's binary_logloss: 0.514552[32m [repeated 2x across cluster][0m
*** Summary of fit() ***
Estimated performance of each model:
                           model  score_val eval_metric  pred_time_val     fit_time  pred_time_val_marginal  fit_time_marginal  stack_level  can_infer  fit_order
0            WeightedEnsemble_L3   0.817671     roc_auc      88.795085  3138.122930                0.005757          11.702399            3       True        220
1    NeuralNetFastAI_r160_BAG_L2   0.816886     roc_auc      79.165426  2631.051539                0.907894          52.113575            2       True        188
2     NeuralNetFastAI_r88_BAG_L2   0.816826     roc_auc      78.507519  2599.211319                0.249987          20.273354            2       True        177
3            WeightedEnsemble_L2   0.816708     roc_auc       5.877687   980.684679                0.005884          10.653378            2       True        111
4      NeuralNetFastAI_r4_BAG_L2   0.816702     roc_auc      78.706767  2616.310853                0.449235          37.372888            2       True        207
5    NeuralNetFastAI_r111_BAG_L2   0.816655     roc_auc      78.470120  2589.045362                0.212588          10.107398            2       True        173
6            LightGBM_r96_BAG_L2   0.816589     roc_auc      78.592940  2582.244667                0.335407           3.306702            2       True        128
7    NeuralNetFastAI_r143_BAG_L2   0.816572     roc_auc      78.518295  2599.399771                0.260762          20.461806            2       True        150
8     NeuralNetFastAI_r37_BAG_L2   0.816546     roc_auc      78.665412  2612.893467                0.407880          33.955503            2       True        162
9    NeuralNetFastAI_r172_BAG_L2   0.816456     roc_auc      78.573656  2600.158242                0.316124          21.220277            2       True        197
10          CatBoost_r198_BAG_L2   0.816447     roc_auc      78.330712  2583.864110                0.073180           4.926145            2       True        212
11           LightGBM_r94_BAG_L2   0.816446     roc_auc      78.397913  2580.963008                0.140381           2.025043            2       True        170
12           CatBoost_r86_BAG_L2   0.816422     roc_auc      78.333455  2590.639846                0.075922          11.701881            2       True        161
13           CatBoost_r13_BAG_L2   0.816402     roc_auc      78.354203  2601.734003                0.096671          22.796039            2       True        134
14          LightGBM_r196_BAG_L2   0.816318     roc_auc      79.747570  2591.437963                1.490038          12.499998            2       True        153
15               CatBoost_BAG_L2   0.816303     roc_auc      78.329839  2583.219718                0.072306           4.281753            2       True        116
16           CatBoost_r12_BAG_L2   0.816302     roc_auc      78.324734  2586.911251                0.067202           7.973286            2       True        205
17   NeuralNetFastAI_r187_BAG_L2   0.816301     roc_auc      78.527957  2599.551025                0.270425          20.613061            2       True        213
18   NeuralNetFastAI_r103_BAG_L2   0.816283     roc_auc      78.768771  2632.227774                0.511239          53.289809            2       True        147
19            CatBoost_r5_BAG_L2   0.816260     roc_auc      78.317170  2582.356239                0.059638           3.418274            2       True        180
20             LightGBMXT_BAG_L2   0.816220     roc_auc      78.359063  2580.651867                0.101531           1.713902            2       True        112
21   NeuralNetFastAI_r127_BAG_L2   0.816219     roc_auc      78.511325  2592.274229                0.253793          13.336264            2       True        202
22     NeuralNetTorch_r36_BAG_L2   0.816219     roc_auc      78.694965  2652.243708                0.437433          73.305743            2       True        209
23           CatBoost_r69_BAG_L2   0.816210     roc_auc      78.328568  2583.357404                0.071036           4.419439            2       True        146
24    NeuralNetFastAI_r69_BAG_L2   0.816173     roc_auc      79.332043  2626.473575                1.074511          47.535610            2       True        193
25     NeuralNetTorch_r76_BAG_L2   0.816142     roc_auc      78.760383  2650.140568                0.502851          71.202603            2       True        199
26   NeuralNetFastAI_r145_BAG_L2   0.816121     roc_auc      79.153660  2650.747295                0.896128          71.809330            2       True        137
27          CatBoost_r137_BAG_L2   0.816105     roc_auc      78.332150  2583.119309                0.074618           4.181344            2       True        132
28           CatBoost_r60_BAG_L2   0.816091     roc_auc      78.319176  2583.510130                0.061644           4.572165            2       True        189
29           CatBoost_r70_BAG_L2   0.816066     roc_auc      78.344817  2585.479837                0.087285           6.541872            2       True        151
30    NeuralNetTorch_r143_BAG_L2   0.816040     roc_auc      79.064880  2649.788878                0.807348          70.850913            2       True        171
31          LightGBM_r131_BAG_L2   0.816026     roc_auc      78.519151  2583.659726                0.261619           4.721761            2       True        125
32       RandomForest_r34_BAG_L2   0.816022     roc_auc      79.728083  2601.834915                1.470551          22.896951            2       True        169
33   NeuralNetFastAI_r194_BAG_L2   0.816015     roc_auc      78.769573  2610.255515                0.512041          31.317551            2       True        204
34          CatBoost_r163_BAG_L2   0.816007     roc_auc      78.318554  2581.599231                0.061022           2.661266            2       True        211
35          CatBoost_r177_BAG_L2   0.816003     roc_auc      78.322267  2582.320266                0.064735           3.382302            2       True        123
36           LightGBM_r15_BAG_L2   0.815985     roc_auc      78.421708  2581.738042                0.164176           2.800077            2       True        159
37          CatBoost_r167_BAG_L2   0.815965     roc_auc      78.320116  2582.653367                0.062583           3.715402            2       True        155
38           LightGBM_r30_BAG_L2   0.815962     roc_auc      78.718469  2584.939054                0.460937           6.001089            2       True        178
39           CatBoost_r50_BAG_L2   0.815951     roc_auc      78.333731  2582.297448                0.076199           3.359483            2       True        142
40          CatBoost_r143_BAG_L2   0.815948     roc_auc      78.328233  2583.143912                0.070700           4.205948            2       True        183
41   NeuralNetFastAI_r102_BAG_L2   0.815944     roc_auc      78.447462  2589.825649                0.189929          10.887684            2       True        133
42          ExtraTrees_r4_BAG_L2   0.815924     roc_auc      79.857221  2581.140440                1.599689           2.202476            2       True        175
43            XGBoost_r31_BAG_L2   0.815865     roc_auc      78.630104  2587.550258                0.372572           8.612293            2       True        186
44            CatBoost_r6_BAG_L2   0.815830     roc_auc      78.330411  2582.081766                0.072879           3.143801            2       True        194
45        NeuralNetFastAI_BAG_L2   0.815828     roc_auc      78.729369  2613.772125                0.471837          34.834160            2       True        119
46           CatBoost_r49_BAG_L2   0.815828     roc_auc      78.328047  2581.768518                0.070515           2.830554            2       True        164
47            CatBoost_r9_BAG_L2   0.815796     roc_auc      78.348762  2599.820187                0.091230          20.882222            2       True        127
48            XGBoost_r98_BAG_L2   0.815794     roc_auc      78.544690  2601.762389                0.287158          22.824424            2       True        158
49    NeuralNetFastAI_r95_BAG_L2   0.815725     roc_auc      79.120452  2651.291530                0.862920          72.353565            2       True        156
50            XGBoost_r49_BAG_L2   0.815688     roc_auc      78.596292  2583.363966                0.338760           4.426002            2       True        179
51          CatBoost_r180_BAG_L2   0.815656     roc_auc      78.356439  2587.389480                0.098907           8.451516            2       True        198
52            XGBoost_r95_BAG_L2   0.815651     roc_auc      78.548989  2581.532801                0.291457           2.594836            2       True        215
53          CatBoost_r128_BAG_L2   0.815618     roc_auc      78.353403  2592.494306                0.095871          13.556341            2       True        172
54    NeuralNetTorch_r135_BAG_L2   0.815595     roc_auc      78.732169  2651.998289                0.474637          73.060324            2       True        206
55            XGBoost_r89_BAG_L2   0.815583     roc_auc      78.555383  2581.135855                0.297851           2.197890            2       True        138
56            XGBoost_r22_BAG_L2   0.815548     roc_auc      78.559548  2581.389571                0.302016           2.451606            2       True        192
57    NeuralNetFastAI_r65_BAG_L2   0.815456     roc_auc      78.494369  2594.962823                0.236837          16.024858            2       True        176
58          LightGBM_r161_BAG_L2   0.815446     roc_auc      78.627611  2588.690607                0.370079           9.752642            2       True        149
59    NeuralNetTorch_r185_BAG_L2   0.815432     roc_auc      78.909512  2671.748383                0.651979          92.810418            2       True        187
60     NeuralNetTorch_r14_BAG_L2   0.815426     roc_auc      78.575583  2595.362997                0.318051          16.425032            2       True        148
61          LightGBM_r121_BAG_L2   0.815423     roc_auc      78.621894  2587.788791                0.364362           8.850826            2       True        196
62     NeuralNetTorch_r19_BAG_L2   0.815393     roc_auc      78.608608  2648.855505                0.351076          69.917541            2       True        214
63               LightGBM_BAG_L2   0.815353     roc_auc      78.338823  2580.716386                0.081291           1.778421            2       True        113
64     NeuralNetTorch_r22_BAG_L2   0.815293     roc_auc      78.622354  2623.542624                0.364822          44.604660            2       True        129
65          LightGBM_r188_BAG_L2   0.815207     roc_auc      78.394361  2581.630256                0.136829           2.692292            2       True        136
66   NeuralNetFastAI_r191_BAG_L2   0.815205     roc_auc      78.995900  2639.747477                0.738368          60.809512            2       True        126
67     NeuralNetTorch_r79_BAG_L2   0.815189     roc_auc      78.668941  2628.688871                0.411409          49.750906            2       True        124
68   NeuralNetFastAI_r138_BAG_L2   0.815150     roc_auc      79.070384  2661.198680                0.812852          82.260715            2       True        195
69     NeuralNetTorch_r31_BAG_L2   0.815138     roc_auc      78.589844  2615.511121                0.332311          36.573157            2       True        174
70                XGBoost_BAG_L2   0.815036     roc_auc      78.529963  2581.418634                0.272431           2.480669            2       True        120
71     NeuralNetTorch_r89_BAG_L2   0.814939     roc_auc      78.616729  2641.043514                0.359197          62.105549            2       True        219
72          LightGBM_r143_BAG_L2   0.814818     roc_auc      78.503477  2586.111677                0.245945           7.173712            2       True        166
73         NeuralNetTorch_BAG_L2   0.814808     roc_auc      78.611658  2603.664847                0.354125          24.726882            2       True        121
74     NeuralNetTorch_r87_BAG_L2   0.814806     roc_auc      78.655350  2697.154713                0.397818         118.216748            2       True        181
75      NeuralNetTorch_r1_BAG_L2   0.814803     roc_auc      78.674948  2635.048141                0.417416          56.110177            2       True        218
76            XGBoost_r33_BAG_L2   0.814799     roc_auc      78.710595  2594.997503                0.453063          16.059538            2       True        130
77          LightGBM_r130_BAG_L2   0.814733     roc_auc      78.356341  2581.004610                0.098809           2.066645            2       True        140
78     NeuralNetTorch_r41_BAG_L2   0.814639     roc_auc      78.606164  2624.894944                0.348632          45.956980            2       True        157
79           XGBoost_r194_BAG_L2   0.814606     roc_auc      78.368014  2581.877462                0.110482           2.939497            2       True        144
80          LightGBMLarge_BAG_L2   0.814559     roc_auc      78.385808  2582.802846                0.128275           3.864882            2       True        122
81    NeuralNetFastAI_r11_BAG_L2   0.814547     roc_auc      79.795038  2664.957346                1.537506          86.019381            2       True        143
82     NeuralNetTorch_r30_BAG_L2   0.814359     roc_auc      78.628426  2700.949779                0.370894         122.011814            2       True        139
83            XGBoost_r34_BAG_L2   0.814272     roc_auc      78.654119  2588.572844                0.396587           9.634879            2       True        216
84     NeuralNetTorch_r86_BAG_L2   0.814214     roc_auc      78.620540  2620.523799                0.363008          41.585834            2       True        141
85     NeuralNetTorch_r71_BAG_L2   0.814153     roc_auc      78.553055  2592.302142                0.295522          13.364177            2       True        182
86          LightGBM_r135_BAG_L2   0.813888     roc_auc      78.389107  2582.915260                0.131575           3.977296            2       True        191
87           LightGBM_r42_BAG_L2   0.813878     roc_auc      78.339007  2580.847426                0.081475           1.909461            2       True        217
88        ExtraTrees_r178_BAG_L2   0.813723     roc_auc      80.106885  2581.281137                1.849353           2.343172            2       True        184
89        ExtraTrees_r126_BAG_L2   0.813677     roc_auc      80.174185  2580.345748                1.916653           1.407784            2       True        208
90   NeuralNetFastAI_r156_BAG_L2   0.813640     roc_auc      78.454201  2589.647739                0.196669          10.709774            2       True        152
91   NeuralNetFastAI_r134_BAG_L2   0.813405     roc_auc      78.555510  2600.490518                0.297978          21.552553            2       True        168
92        ExtraTrees_r172_BAG_L2   0.813332     roc_auc      80.021436  2581.981217                1.763904           3.043252            2       True        145
93      RandomForest_r127_BAG_L2   0.812583     roc_auc      79.974395  2626.080963                1.716863          47.142999            2       True        167
94       RandomForestEntr_BAG_L2   0.812327     roc_auc      80.052654  2584.429720                1.795121           5.491755            2       True        115
95         ExtraTreesEntr_BAG_L2   0.812206     roc_auc      80.278234  2580.177040                2.020702           1.239076            2       True        118
96   NeuralNetFastAI_r100_BAG_L2   0.811769     roc_auc      78.570774  2598.311228                0.313241          19.373263            2       True        210
97    NeuralNetTorch_r197_BAG_L2   0.811690     roc_auc      78.622751  2603.856754                0.365219          24.918790            2       True        163
98         ExtraTrees_r49_BAG_L2   0.811315     roc_auc      80.284948  2580.232193                2.027416           1.294229            2       True        165
99         ExtraTreesGini_BAG_L2   0.811315     roc_auc      80.313084  2580.186130                2.055552           1.248166            2       True        117
100        ExtraTrees_r42_BAG_L2   0.811309     roc_auc      80.184402  2581.794181                1.926869           2.856216            2       True        131
101      RandomForest_r15_BAG_L2   0.811076     roc_auc      80.057118  2616.860302                1.799586          37.922337            2       True        190
102      RandomForestGini_BAG_L2   0.810826     roc_auc      80.163724  2584.344156                1.906192           5.406192            2       True        114
103     RandomForest_r166_BAG_L2   0.810770     roc_auc      80.175245  2582.242282                1.917713           3.304317            2       True        185
104       ExtraTrees_r197_BAG_L2   0.810749     roc_auc      80.206794  2582.602699                1.949262           3.664734            2       True        200
105      RandomForest_r39_BAG_L2   0.810698     roc_auc      80.091870  2619.324134                1.834338          40.386170            2       True        154
106   NeuralNetTorch_r121_BAG_L2   0.810421     roc_auc      79.136893  2877.963291                0.879360         299.025326            2       True        201
107     RandomForest_r195_BAG_L2   0.808908     roc_auc      80.167913  2621.409632                1.910381          42.471667            2       True        135
108      RandomForest_r16_BAG_L2   0.808722     roc_auc      80.084805  2637.826078                1.827273          58.888113            2       True        203
109   NeuralNetTorch_r143_BAG_L1   0.806654     roc_auc       0.317370   155.768233                0.317370         155.768233            1       True         62
110          CatBoost_r13_BAG_L1   0.806612     roc_auc       0.106069    56.249593                0.106069          56.249593            1       True         25
111          LightGBM_r30_BAG_L1   0.806089     roc_auc       3.769725    23.379010                3.769725          23.379010            1       True         69
112  NeuralNetFastAI_r187_BAG_L1   0.805374     roc_auc       0.189542    18.354727                0.189542          18.354727            1       True        104
113          CatBoost_r86_BAG_L1   0.805056     roc_auc       0.079352    23.193130                0.079352          23.193130            1       True         52
114          CatBoost_r12_BAG_L1   0.804931     roc_auc       0.058154    22.388874                0.058154          22.388874            1       True         96
115           XGBoost_r98_BAG_L1   0.804738     roc_auc       0.752128    24.596514                0.752128          24.596514            1       True         49
116         LightGBM_r161_BAG_L1   0.804734     roc_auc       1.624315    15.942001                1.624315          15.942001            1       True         40
117         LightGBM_r121_BAG_L1   0.804603     roc_auc       1.650247    11.876000                1.650247          11.876000            1       True         87
118   NeuralNetFastAI_r69_BAG_L1   0.804476     roc_auc       0.629202    43.791357                0.629202          43.791357            1       True         84
119         LightGBM_r135_BAG_L1   0.804389     roc_auc       0.347445     4.315991                0.347445           4.315991            1       True         82
120    NeuralNetTorch_r79_BAG_L1   0.804193     roc_auc       0.306103    71.922882                0.306103          71.922882            1       True         15
121              CatBoost_BAG_L1   0.804147     roc_auc       0.058621    18.471454                0.058621          18.471454            1       True          7
122         CatBoost_r198_BAG_L1   0.804056     roc_auc       0.056940    20.413085                0.056940          20.413085            1       True        103
123    NeuralNetTorch_r89_BAG_L1   0.803887     roc_auc       0.281731    94.843995                0.281731          94.843995            1       True        110
124     NeuralNetTorch_r1_BAG_L1   0.803880     roc_auc       0.472895    91.055374                0.472895          91.055374            1       True        109
125   NeuralNetFastAI_r37_BAG_L1   0.803828     roc_auc       0.274165    32.815185                0.274165          32.815185            1       True         53
126           XGBoost_r33_BAG_L1   0.803788     roc_auc       0.769631    12.564078                0.769631          12.564078            1       True         21
127           CatBoost_r9_BAG_L1   0.803785     roc_auc       0.087011    21.869843                0.087011          21.869843            1       True         18
128         LightGBM_r196_BAG_L1   0.803742     roc_auc      17.783425    37.910136               17.783425          37.910136            1       True         44
129         LightGBM_r131_BAG_L1   0.803627     roc_auc       2.082372     9.092215                2.082372           9.092215            1       True         16
130         LightGBM_r143_BAG_L1   0.803618     roc_auc       0.990793     8.044543                0.990793           8.044543            1       True         57
131         LightGBM_r188_BAG_L1   0.803452     roc_auc       0.870270     6.014070                0.870270           6.014070            1       True         27
132  NeuralNetFastAI_r194_BAG_L1   0.803432     roc_auc       0.529819    28.655241                0.529819          28.655241            1       True         95
133         CatBoost_r143_BAG_L1   0.802871     roc_auc       0.033324     8.216467                0.033324           8.216467            1       True         74
134  NeuralNetFastAI_r103_BAG_L1   0.802817     roc_auc       0.390780    53.428090                0.390780          53.428090            1       True         38
135         CatBoost_r128_BAG_L1   0.802755     roc_auc       0.067466    17.276550                0.067466          17.276550            1       True         63
136    NeuralNetTorch_r30_BAG_L1   0.802629     roc_auc       0.322832   178.438161                0.322832         178.438161            1       True         30
137           XGBoost_r49_BAG_L1   0.802622     roc_auc       0.245764     3.924103                0.245764           3.924103            1       True         70
138         LightGBMLarge_BAG_L1   0.802549     roc_auc       0.237041     4.361052                0.237041           4.361052            1       True         13
139            LightGBMXT_BAG_L1   0.802536     roc_auc       0.901654     4.001205                0.901654           4.001205            1       True          3
140          LightGBM_r96_BAG_L1   0.802528     roc_auc       5.854132    13.955109                5.854132          13.955109            1       True         19
141          CatBoost_r69_BAG_L1   0.802500     roc_auc       0.058891    14.971527                0.058891          14.971527            1       True         37
142         CatBoost_r167_BAG_L1   0.802434     roc_auc       0.026838     7.155942                0.026838           7.155942            1       True         46
143           XGBoost_r34_BAG_L1   0.802415     roc_auc       0.529459     8.283059                0.529459           8.283059            1       True        107
144         LightGBM_r130_BAG_L1   0.802329     roc_auc       0.194758     2.241336                0.194758           2.241336            1       True         31
145          CatBoost_r60_BAG_L1   0.802196     roc_auc       0.057467    12.771471                0.057467          12.771471            1       True         80
146         CatBoost_r177_BAG_L1   0.802011     roc_auc       0.031958     8.030371                0.031958           8.030371            1       True         14
147    NeuralNetTorch_r41_BAG_L1   0.801688     roc_auc       0.288727    94.826855                0.288727          94.826855            1       True         48
148         CatBoost_r180_BAG_L1   0.801611     roc_auc       0.067888     9.599442                0.067888           9.599442            1       True         89
149          CatBoost_r70_BAG_L1   0.801577     roc_auc       0.088485    12.566227                0.088485          12.566227            1       True         42
150         CatBoost_r163_BAG_L1   0.800793     roc_auc       0.037685     6.058734                0.037685           6.058734            1       True        102
151          LightGBM_r15_BAG_L1   0.800689     roc_auc       1.430882     7.187538                1.430882           7.187538            1       True         50
152   NeuralNetTorch_r135_BAG_L1   0.800614     roc_auc       0.803469    72.395182                0.803469          72.395182            1       True         97
153           CatBoost_r5_BAG_L1   0.800592     roc_auc       0.070040    19.431991                0.070040          19.431991            1       True         71
154   NeuralNetTorch_r185_BAG_L1   0.800458     roc_auc       0.403422   111.952385                0.403422         111.952385            1       True         78
155              LightGBM_BAG_L1   0.800453     roc_auc       0.168231     2.178452                0.168231           2.178452            1       True          4
156         CatBoost_r137_BAG_L1   0.800439     roc_auc       0.079196    18.536417                0.079196          18.536417            1       True         23
157          LightGBM_r94_BAG_L1   0.800272     roc_auc       2.089136     6.993249                2.089136           6.993249            1       True         61
158  NeuralNetFastAI_r127_BAG_L1   0.800241     roc_auc       0.233629    10.726261                0.233629          10.726261            1       True         93
159          CatBoost_r49_BAG_L1   0.800211     roc_auc       0.054485    14.684977                0.054485          14.684977            1       True         55
160          XGBoost_r194_BAG_L1   0.800209     roc_auc       0.056872     1.884910                0.056872           1.884910            1       True         35
161  NeuralNetFastAI_r145_BAG_L1   0.799959     roc_auc       0.811358    70.370587                0.811358          70.370587            1       True         28
162               XGBoost_BAG_L1   0.799693     roc_auc       0.127524     1.844429                0.127524           1.844429            1       True         11
163  NeuralNetFastAI_r111_BAG_L1   0.799507     roc_auc       0.165037     9.495331                0.165037           9.495331            1       True         64
164           XGBoost_r22_BAG_L1   0.799486     roc_auc       0.142917     2.669641                0.142917           2.669641            1       True         83
165           XGBoost_r95_BAG_L1   0.799260     roc_auc       0.145608     3.199397                0.145608           3.199397            1       True        106
166           XGBoost_r89_BAG_L1   0.799006     roc_auc       0.138823     2.380615                0.138823           2.380615            1       True         29
167    NeuralNetTorch_r87_BAG_L1   0.798477     roc_auc       0.267715   170.308585                0.267715         170.308585            1       True         72
168           XGBoost_r31_BAG_L1   0.798397     roc_auc       2.272161    25.226826                2.272161          25.226826            1       True         77
169          CatBoost_r50_BAG_L1   0.798233     roc_auc       0.066625     8.320281                0.066625           8.320281            1       True         33
170    NeuralNetTorch_r22_BAG_L1   0.797871     roc_auc       0.310879    61.638234                0.310879          61.638234            1       True         20
171           CatBoost_r6_BAG_L1   0.797824     roc_auc       0.061012     6.160460                0.061012           6.160460            1       True         85
172       NeuralNetFastAI_BAG_L1   0.797324     roc_auc       0.487749    32.259757                0.487749          32.259757            1       True         10
173  NeuralNetFastAI_r102_BAG_L1   0.796966     roc_auc       0.135714     9.112985                0.135714           9.112985            1       True         24
174  NeuralNetFastAI_r160_BAG_L1   0.796896     roc_auc       0.713125    46.665233                0.713125          46.665233            1       True         79
175  NeuralNetFastAI_r138_BAG_L1   0.796662     roc_auc       0.856189   103.722483                0.856189         103.722483            1       True         86
176   NeuralNetFastAI_r95_BAG_L1   0.794880     roc_auc       0.717213    71.038954                0.717213          71.038954            1       True         47
177  NeuralNetFastAI_r191_BAG_L1   0.794833     roc_auc       0.498031    61.235443                0.498031          61.235443            1       True         17
178    NeuralNetTorch_r31_BAG_L1   0.794356     roc_auc       0.253885    67.416969                0.253885          67.416969            1       True         65
179  NeuralNetFastAI_r172_BAG_L1   0.794100     roc_auc       0.337194    17.482421                0.337194          17.482421            1       True         88
180          LightGBM_r42_BAG_L1   0.793862     roc_auc       0.276001     3.188277                0.276001           3.188277            1       True        108
181    NeuralNetTorch_r36_BAG_L1   0.793464     roc_auc       0.498646   421.235173                0.498646         421.235173            1       True        100
182      RandomForestEntr_BAG_L1   0.792872     roc_auc       1.411239     2.771547                1.411239           2.771547            1       True          6
183  NeuralNetFastAI_r143_BAG_L1   0.792828     roc_auc       0.219237    16.836234                0.219237          16.836234            1       True         41
184      RandomForest_r15_BAG_L1   0.791788     roc_auc       1.296597     7.800124                1.296597           7.800124            1       True         81
185    NeuralNetTorch_r76_BAG_L1   0.791366     roc_auc       0.792993    99.000231                0.792993          99.000231            1       True         90
186    NeuralNetTorch_r86_BAG_L1   0.790955     roc_auc       0.516853    64.815620                0.516853          64.815620            1       True         32
187      RandomForest_r39_BAG_L1   0.790422     roc_auc       1.341014     8.256522                1.341014           8.256522            1       True         45
188       ExtraTrees_r172_BAG_L1   0.790105     roc_auc       1.328938     1.323130                1.328938           1.323130            1       True         36
189     RandomForest_r127_BAG_L1   0.789923     roc_auc       1.241574     9.702308                1.241574           9.702308            1       True         58
190   NeuralNetTorch_r121_BAG_L1   0.789916     roc_auc       1.531304   959.324353                1.531304         959.324353            1       True         92
191       ExtraTrees_r178_BAG_L1   0.788916     roc_auc       1.327166     1.238412                1.327166           1.238412            1       True         75
192      RandomForest_r34_BAG_L1   0.788792     roc_auc       0.997450     5.454654                0.997450           5.454654            1       True         60
193      RandomForestGini_BAG_L1   0.788590     roc_auc       1.457633     2.388755                1.457633           2.388755            1       True          5
194     RandomForest_r195_BAG_L1   0.788466     roc_auc       1.442598     8.437270                1.442598           8.437270            1       True         26
195  NeuralNetFastAI_r134_BAG_L1   0.788427     roc_auc       0.226451    22.850610                0.226451          22.850610            1       True         59
196       ExtraTrees_r197_BAG_L1   0.787862     roc_auc       1.455398     1.505656                1.455398           1.505656            1       True         91
197     RandomForest_r166_BAG_L1   0.787476     roc_auc       1.441066     2.031956                1.441066           2.031956            1       True         76
198        NeuralNetTorch_BAG_L1   0.787452     roc_auc       0.373652    47.726692                0.373652          47.726692            1       True         12
199    NeuralNetTorch_r14_BAG_L1   0.786935     roc_auc       0.269865    31.339938                0.269865          31.339938            1       True         39
200        ExtraTrees_r42_BAG_L1   0.786913     roc_auc       1.529644     1.351232                1.529644           1.351232            1       True         22
201      RandomForest_r16_BAG_L1   0.786383     roc_auc       1.369191    11.285881                1.369191          11.285881            1       True         94
202    NeuralNetTorch_r19_BAG_L1   0.786078     roc_auc       0.251547    28.542229                0.251547          28.542229            1       True        105
203   NeuralNetTorch_r158_BAG_L2   0.785987     roc_auc      78.867314  2777.588072                0.609782         198.650108            2       True        160
204         ExtraTrees_r4_BAG_L1   0.784870     roc_auc       1.089800     1.162806                1.089800           1.162806            1       True         66
205   NeuralNetTorch_r197_BAG_L1   0.782525     roc_auc       0.244497   150.106567                0.244497         150.106567            1       True         54
206   NeuralNetTorch_r158_BAG_L1   0.780996     roc_auc       0.447325   204.361483                0.447325         204.361483            1       True         51
207  NeuralNetFastAI_r156_BAG_L1   0.780036     roc_auc       0.139758    12.260509                0.139758          12.260509            1       True         43
208    NeuralNetFastAI_r4_BAG_L1   0.779376     roc_auc       0.350470    34.503557                0.350470          34.503557            1       True         98
209    NeuralNetTorch_r71_BAG_L1   0.779271     roc_auc       0.354586    18.189259                0.354586          18.189259            1       True         73
210   NeuralNetFastAI_r11_BAG_L1   0.778861     roc_auc       0.954381    74.305552                0.954381          74.305552            1       True         34
211   NeuralNetFastAI_r88_BAG_L1   0.776726     roc_auc       0.253782    15.814587                0.253782          15.814587            1       True         68
212  NeuralNetFastAI_r100_BAG_L1   0.775396     roc_auc       0.230818    23.533052                0.230818          23.533052            1       True        101
213       ExtraTrees_r126_BAG_L1   0.765133     roc_auc       1.571491     1.067157                1.571491           1.067157            1       True         99
214        ExtraTreesEntr_BAG_L1   0.763188     roc_auc       1.799897     1.044190                1.799897           1.044190            1       True          9
215        ExtraTrees_r49_BAG_L1   0.761273     roc_auc       1.738640     1.073241                1.738640           1.073241            1       True         56
216        ExtraTreesGini_BAG_L1   0.761273     roc_auc       1.745196     1.040239                1.745196           1.040239            1       True          8
217   NeuralNetFastAI_r65_BAG_L1   0.749920     roc_auc       0.179880    13.832173                0.179880          13.832173            1       True         67
218        KNeighborsDist_BAG_L1   0.611752     roc_auc       0.251985     0.042694                0.251985           0.042694            1       True          2
219        KNeighborsUnif_BAG_L1   0.606866     roc_auc       0.267879     0.046382                0.267879           0.046382            1       True          1
Number of models trained: 220
Types of models trained:
{'StackerEnsembleModel_NNFastAiTabular', 'StackerEnsembleModel_LGB', 'StackerEnsembleModel_KNN', 'StackerEnsembleModel_CatBoost', 'StackerEnsembleModel_XT', 'StackerEnsembleModel_RF', 'StackerEnsembleModel_XGBoost', 'StackerEnsembleModel_TabularNeuralNetTorch', 'WeightedEnsembleModel'}
Bagging used: True  (with 8 folds)
Multi-layer stack-ensembling used: True  (with 3 levels)
Feature Metadata (Processed):
(raw dtype, special dtypes):
('float', []) : 28 | ['f0', 'f1', 'f2', 'f3', 'f4', ...]
*** End of fit() summary ***
[36m(_ray_fit pid=564724)[0m [2000]	valid_set's binary_logloss: 0.516111[32m [repeated 8x across cluster][0m
